<?xml version="1.0" encoding="UTF-8"?>
<!-- Generated by org.testng.reporters.JUnitReportReporter -->
<testsuite skipped="0" hostname="DESKTOP-A5GCHAB" name="filpkart.LogipageTest" tests="1" failures="0" timestamp="18 Jan 2020 16:08:25 GMT" time="29.893" errors="0">
  <testcase name="loginPageTest" time="29.893" classname="filpkart.LogipageTest"/>
</testsuite> <!-- filpkart.LogipageTest -->
