<?xml version="1.0" encoding="UTF-8"?>
<!-- Generated by org.testng.reporters.JUnitReportReporter -->
<testsuite skipped="0" hostname="DESKTOP-A5GCHAB" name="com.Myntra.qa.testcases.HomePageTest" tests="4" failures="0" timestamp="11 Nov 2019 03:29:25 GMT" time="108.835" errors="0">
  <testcase name="validateTitleTest" time="25.364" classname="com.Myntra.qa.testcases.HomePageTest"/>
  <testcase name="ValidateMyntarLogoTest" time="33.278" classname="com.Myntra.qa.testcases.HomePageTest"/>
  <testcase name="verifyCorrectUserNameTest" time="25.583" classname="com.Myntra.qa.testcases.HomePageTest"/>
  <testcase name="logOutTest" time="24.610" classname="com.Myntra.qa.testcases.HomePageTest"/>
</testsuite> <!-- com.Myntra.qa.testcases.HomePageTest -->
